Using pre-set license
Built from '2020.3/staging' branch; Version is '2020.3.8f1 (507919d4fff5) revision 5273881'; Using compiler version '192528614'; Build Type 'Release'
OS: 'Windows 10 Home; OS build 19042.1237; Version 2009; 64bit' Language: 'ru' Physical Memory: 8036 MB
BatchMode: 1, IsHumanControllingUs: 0, StartBugReporterOnCrash: 0, Is64bit: 1, IsPro: 0

 COMMAND LINE ARGUMENTS:
C:\Program Files\Unity\Hub\Editor\2020.3.8f1\Editor\Unity.exe
-adb2
-batchMode
-noUpm
-name
AssetImportWorker0
-projectPath
C:/Users/korij/Desktop/Flappy Bird/Flappy-Bird/Flappy Bird
-logFile
Logs/AssetImportWorker0.log
-srvPort
63188
Successfully changed project path to: C:/Users/korij/Desktop/Flappy Bird/Flappy-Bird/Flappy Bird
C:/Users/korij/Desktop/Flappy Bird/Flappy-Bird/Flappy Bird
Using Asset Import Pipeline V2.
Refreshing native plugins compatible for Editor in 33.77 ms, found 1 plugins.
Preloading 0 native plugins for Editor in 0.00 ms.
Initialize engine version: 2020.3.8f1 (507919d4fff5)
[Subsystems] Discovering subsystems at path C:/Program Files/Unity/Hub/Editor/2020.3.8f1/Editor/Data/Resources/UnitySubsystems
[Subsystems] Discovering subsystems at path C:/Users/korij/Desktop/Flappy Bird/Flappy-Bird/Flappy Bird/Assets
GfxDevice: creating device client; threaded=0
Direct3D:
    Version:  Direct3D 11.0 [level 11.1]
    Renderer: NVIDIA GeForce GTX 1050 (ID=0x1c92)
    Vendor:   
    VRAM:     4021 MB
    Driver:   26.21.14.3184
Initialize mono
Mono path[0] = 'C:/Program Files/Unity/Hub/Editor/2020.3.8f1/Editor/Data/Managed'
Mono path[1] = 'C:/Program Files/Unity/Hub/Editor/2020.3.8f1/Editor/Data/MonoBleedingEdge/lib/mono/unityjit'
Mono config path = 'C:/Program Files/Unity/Hub/Editor/2020.3.8f1/Editor/Data/MonoBleedingEdge/etc'
Using monoOptions --debugger-agent=transport=dt_socket,embedding=1,server=y,suspend=n,address=127.0.0.1:56832
Begin MonoManager ReloadAssembly
Registering precompiled unity dll's ...
Register platform support module: C:/Program Files/Unity/Hub/Editor/2020.3.8f1/Editor/Data/PlaybackEngines/WindowsStandaloneSupport/UnityEditor.WindowsStandalone.Extensions.dll
Registered in 0.001378 seconds.
Native extension for WindowsStandalone target not found
Refreshing native plugins compatible for Editor in 35.15 ms, found 1 plugins.
Preloading 0 native plugins for Editor in 0.00 ms.
Mono: successfully reloaded assembly
- Completed reload, in  0.868 seconds
Platform modules already initialized, skipping
Registering precompiled user dll's ...
Registered in 0.000809 seconds.
Begin MonoManager ReloadAssembly
Native extension for WindowsStandalone target not found
Refreshing native plugins compatible for Editor in 33.80 ms, found 1 plugins.
Preloading 0 native plugins for Editor in 0.00 ms.
Mono: successfully reloaded assembly
- Completed reload, in  0.866 seconds
Platform modules already initialized, skipping
========================================================================
Worker process is ready to serve import requests
Launched and connected shader compiler UnityShaderCompiler.exe after 0.04 seconds
Refreshing native plugins compatible for Editor in 0.32 ms, found 1 plugins.
Preloading 0 native plugins for Editor in 0.00 ms.
Unloading 1808 Unused Serialized files (Serialized files now loaded: 0)
System memory in use before: 84.8 MB.
System memory in use after: 84.8 MB.

Unloading 24 unused Assets to reduce memory usage. Loaded Objects now: 2250.
Total: 2.002500 ms (FindLiveObjects: 0.166500 ms CreateObjectMapping: 0.058900 ms MarkObjects: 1.665600 ms  DeleteObjects: 0.110800 ms)

========================================================================
Received Import Request.
  path: Assets
  artifactKey: Guid(00000000000000001000000000000000) Importer(815301076,1909f56bfc062723c751e8b465ee728b)
Start importing Assets using Guid(00000000000000001000000000000000) Importer(815301076,1909f56bfc062723c751e8b465ee728b)  -> (artifact id: '42d402b061de3733987d63b9cc3b64de') in 0.010305 seconds
  Import took 0.013376 seconds .

========================================================================
Received Import Request.
  Time since last request: 5.110822 seconds.
  path: Assets/Sprites
  artifactKey: Guid(010dd4df51b67494e95bf2588386d078) Importer(815301076,1909f56bfc062723c751e8b465ee728b)
Start importing Assets/Sprites using Guid(010dd4df51b67494e95bf2588386d078) Importer(815301076,1909f56bfc062723c751e8b465ee728b)  -> (artifact id: '5c7b07eb3f71cea12ac41d54098c56b0') in 0.009499 seconds
  Import took 0.013937 seconds .

========================================================================
Received Import Request.
  Time since last request: 9.891880 seconds.
  path: Assets/Sprites/Bird
  artifactKey: Guid(58ac27197acbe3d4192821633abe3849) Importer(815301076,1909f56bfc062723c751e8b465ee728b)
Start importing Assets/Sprites/Bird using Guid(58ac27197acbe3d4192821633abe3849) Importer(815301076,1909f56bfc062723c751e8b465ee728b)  -> (artifact id: '7948ce63fa14a72b2a3429adbfdd9f68') in 0.012131 seconds
  Import took 0.016464 seconds .

========================================================================
Received Import Request.
  Time since last request: 10.476846 seconds.
  path: Assets/Sprites/Scene
  artifactKey: Guid(7fb58bf176823c0489bbf14c73800bcb) Importer(815301076,1909f56bfc062723c751e8b465ee728b)
Start importing Assets/Sprites/Scene using Guid(7fb58bf176823c0489bbf14c73800bcb) Importer(815301076,1909f56bfc062723c751e8b465ee728b)  -> (artifact id: 'af792c19a0079ddad2a91ca3df91cd74') in 0.008818 seconds
  Import took 0.012518 seconds .

========================================================================
Received Import Request.
  Time since last request: 23.310167 seconds.
  path: Assets/Sprites/Bird/redbird-downflap.png
  artifactKey: Guid(d2118cefed5b46447882b98360d0b4e4) Importer(815301076,1909f56bfc062723c751e8b465ee728b)
Start importing Assets/Sprites/Bird/redbird-downflap.png using Guid(d2118cefed5b46447882b98360d0b4e4) Importer(815301076,1909f56bfc062723c751e8b465ee728b)  -> (artifact id: '7f299f70160a31db55dd668693fc4a7d') in 0.136051 seconds
  Import took 0.141174 seconds .

========================================================================
Received Import Request.
  Time since last request: 0.000247 seconds.
  path: Assets/Sprites/Bird/redbird-upflap.png
  artifactKey: Guid(243cbd3b92025284baf9d906c2d7578c) Importer(815301076,1909f56bfc062723c751e8b465ee728b)
Start importing Assets/Sprites/Bird/redbird-upflap.png using Guid(243cbd3b92025284baf9d906c2d7578c) Importer(815301076,1909f56bfc062723c751e8b465ee728b)  -> (artifact id: '5dfd0fa6d72355144b84dfcbfda6bdec') in 0.010155 seconds
  Import took 0.013022 seconds .

========================================================================
Received Import Request.
  Time since last request: 0.000286 seconds.
  path: Assets/Sprites/Bird/redbird-midflap.png
  artifactKey: Guid(7b9406550f85fc043a26bb9d11e5e588) Importer(815301076,1909f56bfc062723c751e8b465ee728b)
Start importing Assets/Sprites/Bird/redbird-midflap.png using Guid(7b9406550f85fc043a26bb9d11e5e588) Importer(815301076,1909f56bfc062723c751e8b465ee728b)  -> (artifact id: '1f4d956b02899fc7edaf9454208efea9') in 0.018880 seconds
  Import took 0.022315 seconds .

========================================================================
Received Import Request.
  Time since last request: 56.828331 seconds.
  path: Assets/Sprites/Bird/redbird-downflap.png
  artifactKey: Guid(d2118cefed5b46447882b98360d0b4e4) Importer(815301076,1909f56bfc062723c751e8b465ee728b)
Start importing Assets/Sprites/Bird/redbird-downflap.png using Guid(d2118cefed5b46447882b98360d0b4e4) Importer(815301076,1909f56bfc062723c751e8b465ee728b)  -> (artifact id: '73ec3ffaa9f40bb3ba6a88b894c7c9c2') in 0.008895 seconds
  Import took 0.012640 seconds .

========================================================================
Received Import Request.
  Time since last request: 0.008781 seconds.
  path: Assets/Sprites/Bird/redbird-downflap.png
  artifactKey: Guid(d2118cefed5b46447882b98360d0b4e4) Importer(815301076,1909f56bfc062723c751e8b465ee728b)
Start importing Assets/Sprites/Bird/redbird-downflap.png using Guid(d2118cefed5b46447882b98360d0b4e4) Importer(815301076,1909f56bfc062723c751e8b465ee728b)  -> (artifact id: '73ec3ffaa9f40bb3ba6a88b894c7c9c2') in 0.007490 seconds
  Import took 0.011153 seconds .

========================================================================
Received Import Request.
  Time since last request: 0.000279 seconds.
  path: Assets/Sprites/Bird/redbird-upflap.png
  artifactKey: Guid(243cbd3b92025284baf9d906c2d7578c) Importer(815301076,1909f56bfc062723c751e8b465ee728b)
Start importing Assets/Sprites/Bird/redbird-upflap.png using Guid(243cbd3b92025284baf9d906c2d7578c) Importer(815301076,1909f56bfc062723c751e8b465ee728b)  -> (artifact id: '5f1290caa2c9974f7b254dfbf7c6daaa') in 0.007983 seconds
  Import took 0.011600 seconds .

========================================================================
Received Import Request.
  Time since last request: 0.000217 seconds.
  path: Assets/Sprites/Bird/redbird-midflap.png
  artifactKey: Guid(7b9406550f85fc043a26bb9d11e5e588) Importer(815301076,1909f56bfc062723c751e8b465ee728b)
Start importing Assets/Sprites/Bird/redbird-midflap.png using Guid(7b9406550f85fc043a26bb9d11e5e588) Importer(815301076,1909f56bfc062723c751e8b465ee728b)  -> (artifact id: '527d23e6be6ce31836b98589daaa1596') in 0.010549 seconds
  Import took 0.013751 seconds .

========================================================================
Received Import Request.
  Time since last request: 59.623454 seconds.
  path: Assets/Scripts
  artifactKey: Guid(2323c6fee22dbcc43b7f30a67575fc9a) Importer(815301076,1909f56bfc062723c751e8b465ee728b)
Start importing Assets/Scripts using Guid(2323c6fee22dbcc43b7f30a67575fc9a) Importer(815301076,1909f56bfc062723c751e8b465ee728b)  -> (artifact id: 'eec5050ea24f71259370af10f9b08a4d') in 0.010143 seconds
  Import took 0.013544 seconds .

========================================================================
Received Import Request.
  Time since last request: 12.094737 seconds.
  path: Assets/Scripts/Player
  artifactKey: Guid(9bfc7a14d34e34041bb9f818ce66983b) Importer(815301076,1909f56bfc062723c751e8b465ee728b)
Start importing Assets/Scripts/Player using Guid(9bfc7a14d34e34041bb9f818ce66983b) Importer(815301076,1909f56bfc062723c751e8b465ee728b)  -> (artifact id: '04d048cb8ce39a8330a78b42c394c16f') in 0.007892 seconds
  Import took 0.011064 seconds .

========================================================================
Received Import Request.
  Time since last request: 13.387743 seconds.
  path: Assets/Scripts/Player/BirdMover.cs
  artifactKey: Guid(7cc3f24e408d9ae46a633bf67b236944) Importer(815301076,1909f56bfc062723c751e8b465ee728b)
Start importing Assets/Scripts/Player/BirdMover.cs using Guid(7cc3f24e408d9ae46a633bf67b236944) Importer(815301076,1909f56bfc062723c751e8b465ee728b)  -> (artifact id: '0294a0cbd8c186b87813908fa5bb7398') in 0.017073 seconds
  Import took 0.022088 seconds .

========================================================================
Received Prepare
Registering precompiled user dll's ...
Registered in 0.001055 seconds.
Begin MonoManager ReloadAssembly
Native extension for WindowsStandalone target not found
Refreshing native plugins compatible for Editor in 0.37 ms, found 1 plugins.
Preloading 0 native plugins for Editor in 0.00 ms.
Mono: successfully reloaded assembly
- Completed reload, in  0.976 seconds
Platform modules already initialized, skipping
Refreshing native plugins compatible for Editor in 0.35 ms, found 1 plugins.
Preloading 0 native plugins for Editor in 0.00 ms.
Unloading 1804 Unused Serialized files (Serialized files now loaded: 0)
System memory in use before: 87.9 MB.
System memory in use after: 87.9 MB.

Unloading 12 unused Assets to reduce memory usage. Loaded Objects now: 2261.
Total: 2.237700 ms (FindLiveObjects: 0.228400 ms CreateObjectMapping: 0.090300 ms MarkObjects: 1.816100 ms  DeleteObjects: 0.101600 ms)

========================================================================
Received Prepare
Registering precompiled user dll's ...
Registered in 0.001770 seconds.
Begin MonoManager ReloadAssembly
Native extension for WindowsStandalone target not found
Refreshing native plugins compatible for Editor in 0.37 ms, found 1 plugins.
Preloading 0 native plugins for Editor in 0.00 ms.
Mono: successfully reloaded assembly
- Completed reload, in  0.848 seconds
Platform modules already initialized, skipping
Refreshing native plugins compatible for Editor in 0.54 ms, found 1 plugins.
Preloading 0 native plugins for Editor in 0.00 ms.
Unloading 1804 Unused Serialized files (Serialized files now loaded: 0)
System memory in use before: 87.9 MB.
System memory in use after: 87.9 MB.

Unloading 12 unused Assets to reduce memory usage. Loaded Objects now: 2265.
Total: 2.151400 ms (FindLiveObjects: 0.185500 ms CreateObjectMapping: 0.071300 ms MarkObjects: 1.788100 ms  DeleteObjects: 0.105700 ms)

========================================================================
Received Import Request.
  Time since last request: 694.008072 seconds.
  path: Assets/Scripts/Player/BirdMover.cs
  artifactKey: Guid(7cc3f24e408d9ae46a633bf67b236944) Importer(815301076,1909f56bfc062723c751e8b465ee728b)
Start importing Assets/Scripts/Player/BirdMover.cs using Guid(7cc3f24e408d9ae46a633bf67b236944) Importer(815301076,1909f56bfc062723c751e8b465ee728b)  -> (artifact id: 'b0e225bde7415532c034387b2c3a4472') in 0.007540 seconds
  Import took 0.010660 seconds .

========================================================================
Received Prepare
Registering precompiled user dll's ...
Registered in 0.000820 seconds.
Begin MonoManager ReloadAssembly
Native extension for WindowsStandalone target not found
Refreshing native plugins compatible for Editor in 0.33 ms, found 1 plugins.
Preloading 0 native plugins for Editor in 0.00 ms.
Mono: successfully reloaded assembly
- Completed reload, in  0.819 seconds
Platform modules already initialized, skipping
Refreshing native plugins compatible for Editor in 0.58 ms, found 1 plugins.
Preloading 0 native plugins for Editor in 0.00 ms.
Unloading 1804 Unused Serialized files (Serialized files now loaded: 0)
System memory in use before: 88.0 MB.
System memory in use after: 87.9 MB.

Unloading 12 unused Assets to reduce memory usage. Loaded Objects now: 2269.
Total: 1.949900 ms (FindLiveObjects: 0.185000 ms CreateObjectMapping: 0.068200 ms MarkObjects: 1.600700 ms  DeleteObjects: 0.095100 ms)

========================================================================
Received Prepare
Registering precompiled user dll's ...
Registered in 0.001992 seconds.
Begin MonoManager ReloadAssembly
Native extension for WindowsStandalone target not found
Refreshing native plugins compatible for Editor in 0.34 ms, found 1 plugins.
Preloading 0 native plugins for Editor in 0.00 ms.
Mono: successfully reloaded assembly
- Completed reload, in  0.856 seconds
Platform modules already initialized, skipping
Refreshing native plugins compatible for Editor in 0.32 ms, found 1 plugins.
Preloading 0 native plugins for Editor in 0.00 ms.
Unloading 1804 Unused Serialized files (Serialized files now loaded: 0)
System memory in use before: 88.0 MB.
System memory in use after: 88.0 MB.

Unloading 12 unused Assets to reduce memory usage. Loaded Objects now: 2273.
Total: 2.159800 ms (FindLiveObjects: 0.185000 ms CreateObjectMapping: 0.055500 ms MarkObjects: 1.819600 ms  DeleteObjects: 0.099000 ms)

========================================================================
Received Prepare
Registering precompiled user dll's ...
Registered in 0.000762 seconds.
Begin MonoManager ReloadAssembly
Native extension for WindowsStandalone target not found
Refreshing native plugins compatible for Editor in 0.33 ms, found 1 plugins.
Preloading 0 native plugins for Editor in 0.00 ms.
Mono: successfully reloaded assembly
- Completed reload, in  0.816 seconds
Platform modules already initialized, skipping
Refreshing native plugins compatible for Editor in 0.36 ms, found 1 plugins.
Preloading 0 native plugins for Editor in 0.00 ms.
Unloading 1804 Unused Serialized files (Serialized files now loaded: 0)
System memory in use before: 88.0 MB.
System memory in use after: 88.0 MB.

Unloading 12 unused Assets to reduce memory usage. Loaded Objects now: 2277.
Total: 2.046100 ms (FindLiveObjects: 0.170700 ms CreateObjectMapping: 0.063800 ms MarkObjects: 1.709500 ms  DeleteObjects: 0.101100 ms)

========================================================================
Received Prepare
Registering precompiled user dll's ...
Registered in 0.000822 seconds.
Begin MonoManager ReloadAssembly
Native extension for WindowsStandalone target not found
Refreshing native plugins compatible for Editor in 0.32 ms, found 1 plugins.
Preloading 0 native plugins for Editor in 0.00 ms.
Mono: successfully reloaded assembly
- Completed reload, in  0.836 seconds
Platform modules already initialized, skipping
Refreshing native plugins compatible for Editor in 0.73 ms, found 1 plugins.
Preloading 0 native plugins for Editor in 0.00 ms.
Unloading 1804 Unused Serialized files (Serialized files now loaded: 0)
System memory in use before: 88.0 MB.
System memory in use after: 88.0 MB.

Unloading 12 unused Assets to reduce memory usage. Loaded Objects now: 2281.
Total: 2.546500 ms (FindLiveObjects: 0.569200 ms CreateObjectMapping: 0.092900 ms MarkObjects: 1.769300 ms  DeleteObjects: 0.110800 ms)

========================================================================
Received Prepare
Registering precompiled user dll's ...
Registered in 0.000822 seconds.
Begin MonoManager ReloadAssembly
Native extension for WindowsStandalone target not found
Refreshing native plugins compatible for Editor in 0.34 ms, found 1 plugins.
Preloading 0 native plugins for Editor in 0.00 ms.
Mono: successfully reloaded assembly
- Completed reload, in  0.810 seconds
Platform modules already initialized, skipping
Refreshing native plugins compatible for Editor in 0.31 ms, found 1 plugins.
Preloading 0 native plugins for Editor in 0.00 ms.
Unloading 1804 Unused Serialized files (Serialized files now loaded: 0)
System memory in use before: 88.0 MB.
System memory in use after: 88.0 MB.

Unloading 12 unused Assets to reduce memory usage. Loaded Objects now: 2285.
Total: 2.009400 ms (FindLiveObjects: 0.179900 ms CreateObjectMapping: 0.066600 ms MarkObjects: 1.659400 ms  DeleteObjects: 0.102600 ms)

========================================================================
Received Prepare
Registering precompiled user dll's ...
Registered in 0.000794 seconds.
Begin MonoManager ReloadAssembly
Native extension for WindowsStandalone target not found
Refreshing native plugins compatible for Editor in 0.32 ms, found 1 plugins.
Preloading 0 native plugins for Editor in 0.00 ms.
Mono: successfully reloaded assembly
- Completed reload, in  0.838 seconds
Platform modules already initialized, skipping
Refreshing native plugins compatible for Editor in 0.34 ms, found 1 plugins.
Preloading 0 native plugins for Editor in 0.00 ms.
Unloading 1804 Unused Serialized files (Serialized files now loaded: 0)
System memory in use before: 88.0 MB.
System memory in use after: 88.0 MB.

Unloading 12 unused Assets to reduce memory usage. Loaded Objects now: 2289.
Total: 2.215200 ms (FindLiveObjects: 0.162000 ms CreateObjectMapping: 0.059900 ms MarkObjects: 1.893400 ms  DeleteObjects: 0.098900 ms)

========================================================================
Received Prepare
Registering precompiled user dll's ...
Registered in 0.000831 seconds.
Begin MonoManager ReloadAssembly
Native extension for WindowsStandalone target not found
Refreshing native plugins compatible for Editor in 0.32 ms, found 1 plugins.
Preloading 0 native plugins for Editor in 0.00 ms.
Mono: successfully reloaded assembly
- Completed reload, in  0.840 seconds
Platform modules already initialized, skipping
Refreshing native plugins compatible for Editor in 0.32 ms, found 1 plugins.
Preloading 0 native plugins for Editor in 0.00 ms.
Unloading 1804 Unused Serialized files (Serialized files now loaded: 0)
System memory in use before: 88.0 MB.
System memory in use after: 88.0 MB.

Unloading 12 unused Assets to reduce memory usage. Loaded Objects now: 2293.
Total: 2.052900 ms (FindLiveObjects: 0.151800 ms CreateObjectMapping: 0.058600 ms MarkObjects: 1.664000 ms  DeleteObjects: 0.177800 ms)

========================================================================
Received Prepare
Registering precompiled user dll's ...
Registered in 0.000842 seconds.
Begin MonoManager ReloadAssembly
Native extension for WindowsStandalone target not found
Refreshing native plugins compatible for Editor in 0.64 ms, found 1 plugins.
Preloading 0 native plugins for Editor in 0.00 ms.
Mono: successfully reloaded assembly
- Completed reload, in  0.828 seconds
Platform modules already initialized, skipping
Refreshing native plugins compatible for Editor in 0.45 ms, found 1 plugins.
Preloading 0 native plugins for Editor in 0.00 ms.
Unloading 1804 Unused Serialized files (Serialized files now loaded: 0)
System memory in use before: 88.1 MB.
System memory in use after: 88.0 MB.

Unloading 12 unused Assets to reduce memory usage. Loaded Objects now: 2297.
Total: 2.140900 ms (FindLiveObjects: 0.191100 ms CreateObjectMapping: 0.064400 ms MarkObjects: 1.779700 ms  DeleteObjects: 0.105000 ms)

========================================================================
Received Prepare
Registering precompiled user dll's ...
Registered in 0.000827 seconds.
Begin MonoManager ReloadAssembly
Native extension for WindowsStandalone target not found
Refreshing native plugins compatible for Editor in 0.35 ms, found 1 plugins.
Preloading 0 native plugins for Editor in 0.00 ms.
Mono: successfully reloaded assembly
- Completed reload, in  0.832 seconds
Platform modules already initialized, skipping
Refreshing native plugins compatible for Editor in 0.44 ms, found 1 plugins.
Preloading 0 native plugins for Editor in 0.00 ms.
Unloading 1804 Unused Serialized files (Serialized files now loaded: 0)
System memory in use before: 88.1 MB.
System memory in use after: 88.0 MB.

Unloading 12 unused Assets to reduce memory usage. Loaded Objects now: 2301.
Total: 1.974600 ms (FindLiveObjects: 0.160400 ms CreateObjectMapping: 0.069700 ms MarkObjects: 1.641400 ms  DeleteObjects: 0.102400 ms)

========================================================================
Received Prepare
Registering precompiled user dll's ...
Registered in 0.000878 seconds.
Begin MonoManager ReloadAssembly
Native extension for WindowsStandalone target not found
Refreshing native plugins compatible for Editor in 0.35 ms, found 1 plugins.
Preloading 0 native plugins for Editor in 0.00 ms.
Mono: successfully reloaded assembly
- Completed reload, in  0.800 seconds
Platform modules already initialized, skipping
Refreshing native plugins compatible for Editor in 0.34 ms, found 1 plugins.
Preloading 0 native plugins for Editor in 0.00 ms.
Unloading 1804 Unused Serialized files (Serialized files now loaded: 0)
System memory in use before: 88.1 MB.
System memory in use after: 88.0 MB.

Unloading 12 unused Assets to reduce memory usage. Loaded Objects now: 2305.
Total: 1.899300 ms (FindLiveObjects: 0.189200 ms CreateObjectMapping: 0.073100 ms MarkObjects: 1.533800 ms  DeleteObjects: 0.102500 ms)

========================================================================
Received Prepare
Registering precompiled user dll's ...
Registered in 0.000869 seconds.
Begin MonoManager ReloadAssembly
Native extension for WindowsStandalone target not found
Refreshing native plugins compatible for Editor in 0.32 ms, found 1 plugins.
Preloading 0 native plugins for Editor in 0.00 ms.
Mono: successfully reloaded assembly
- Completed reload, in  0.801 seconds
Platform modules already initialized, skipping
Refreshing native plugins compatible for Editor in 0.34 ms, found 1 plugins.
Preloading 0 native plugins for Editor in 0.00 ms.
Unloading 1804 Unused Serialized files (Serialized files now loaded: 0)
System memory in use before: 88.1 MB.
System memory in use after: 88.1 MB.

Unloading 12 unused Assets to reduce memory usage. Loaded Objects now: 2309.
Total: 2.260900 ms (FindLiveObjects: 0.181100 ms CreateObjectMapping: 0.057800 ms MarkObjects: 1.918200 ms  DeleteObjects: 0.102600 ms)

========================================================================
Received Prepare
Registering precompiled user dll's ...
Registered in 0.000834 seconds.
Begin MonoManager ReloadAssembly
Native extension for WindowsStandalone target not found
Refreshing native plugins compatible for Editor in 1.36 ms, found 1 plugins.
Preloading 0 native plugins for Editor in 0.00 ms.
Mono: successfully reloaded assembly
- Completed reload, in  0.927 seconds
Platform modules already initialized, skipping
Refreshing native plugins compatible for Editor in 0.57 ms, found 1 plugins.
Preloading 0 native plugins for Editor in 0.00 ms.
Unloading 1804 Unused Serialized files (Serialized files now loaded: 0)
System memory in use before: 88.1 MB.
System memory in use after: 88.1 MB.

Unloading 12 unused Assets to reduce memory usage. Loaded Objects now: 2313.
Total: 2.906700 ms (FindLiveObjects: 0.173500 ms CreateObjectMapping: 0.070800 ms MarkObjects: 2.503900 ms  DeleteObjects: 0.157100 ms)

========================================================================
Received Import Request.
  Time since last request: 1148.743679 seconds.
  path: Assets/Scripts/Player/BirdMover.cs
  artifactKey: Guid(7cc3f24e408d9ae46a633bf67b236944) Importer(815301076,1909f56bfc062723c751e8b465ee728b)
Start importing Assets/Scripts/Player/BirdMover.cs using Guid(7cc3f24e408d9ae46a633bf67b236944) Importer(815301076,1909f56bfc062723c751e8b465ee728b)  -> (artifact id: '576729310b6727e699b3ed935c4d43c1') in 0.005311 seconds
  Import took 0.042438 seconds .

